INFO:root:Rotated file to: test_data/important_data_1725555557.txt
INFO:root:Rotated file to: test_data/important_data_1725557358.txt
INFO:root:Rotated file to: test_data/important_data_1725558017.txt
INFO:root:Rotated file to: test_data/important_data_1725559608.txt
INFO:root:Rotated file to: test_data/important_data_1725560545.txt
INFO:root:Rotated file to: test_data/important_data_1725561037.txt
INFO:root:Rotated file to: test_data/important_data_1725561218.txt
INFO:root:Rotated file to: backup_mtd/important_data_1725641354.txt
INFO:root:Rotated file to: backup_mtd/important_data_1725642742.txt
INFO:root:Rotated file to: backup_mtd/important_data_1725643144.txt
INFO:root:Rotated file to: backup_mtd/important_data_1725644402.txt
INFO:root:Rotated file to: backup_mtd/important_data_1725644844.txt
INFO:root:Rotated file to: backup_mtd/important_data_1725645206.txt
INFO:root:Rotated file to: backup_mtd/important_data_1725646353.txt
INFO:root:Rotated file to: backup_mtd/important_data_1725680875.txt
INFO:root:Rotated file from original_data_location/imp.txt to backup_mtd/important_data_1725782932.txt
WARNING:root:File not found: original_data_location/imp.txt
INFO:root:Rotated file from original_data_location/imp.txt to backup_mtd/important_data_1725783702.txt
INFO:root:Rotated file from original_data_location/imp.txt to backup_mtd/important_data_1725786429.txt
INFO:root:Rotated file from original_data_location/imp.txt to backup_mtd/important_data_1725790053.txt
INFO:root:Rotated file from original_data_location/imp.txt to backup_mtd/important_data_1725793092.txt
INFO:root:Rotated file from original_data_location/imp.txt to backup_mtd/important_data_1725794488.txt
INFO:root:Rotated file from original_data_location/imp.txt to backup_mtd/important_data_1725796862.txt
INFO:root:Rotated file from original_data_location/imp.txt to backup_mtd/important_data_1725807440.txt
INFO:root:Rotated file from original_data_location/imp.txt to backup_mtd/important_data_1725807727.txt
INFO:root:Rotated file from original_data_location/imp.txt to backup_mtd/important_data_1725808587.txt
INFO:root:Rotated file from original_data_location/imp.txt to backup_mtd/important_data_1725809534.txt
INFO:root:Rotated file from original_data_location/imp.txt to backup_mtd/important_data_1726492007.txt
INFO:root:Rotated file from original_data_location/imp.txt to backup_mtd/important_data_1726495368.txt
INFO:root:Rotated file from original_data_location/imp.txt to backup_mtd/important_data_1726499327.txt
INFO:root:Rotated file from original_data_location/imp.txt to backup_mtd/important_data_1726499697.txt
INFO:root:Rotated file from original_data_location/imp.txt to backup_mtd/important_data_1726500367.txt
INFO:root:Rotated file from original_data_location/imp.txt to backup_mtd/important_data_1726500891.txt
INFO:root:Rotated file from original_data_location/imp.txt to backup_mtd/important_data_1726501194.txt
INFO:root:Rotated file from original_data_location/imp.txt to backup_mtd/important_data_1726501680.txt
INFO:root:Rotated file from test_data\a.crypt to suspicious_mtd\suspicious_1726661363_a.crypt
INFO:root:Rotated file from test_data\b.locked to suspicious_mtd\suspicious_1726661363_b.locked
INFO:root:Rotated file from test_data\test.locked to suspicious_mtd\suspicious_1726661363_test.locked
WARNING:root:No files found to move.
INFO:root:Rotated file from original_data_location\imp.txt to suspicious_mtd\suspicious_1726662893.txt
INFO:root:Rotated file from test_data\a.crypt to suspicious_mtd\suspicious_1726663193.txt
INFO:root:Rotated file from test_data\b.locked to suspicious_mtd\suspicious_1726663193.txt
INFO:root:Rotated file from test_data\test.locked to suspicious_mtd\suspicious_1726663193.txt
INFO:root:Rotated file from test_data\a.locked to suspicious_mtd\suspicious_a.txt
INFO:root:Rotated file from test_data\b.encrypted to suspicious_mtd\suspicious_b.txt
INFO:root:Rotated file from test_data\c.crypt to suspicious_mtd\suspicious_c.txt
WARNING:root:No files found to move.
WARNING:root:No files found to move.
WARNING:root:No files found to move.
INFO:root:Rotated file from test_data\a.locked to suspicious_mtd\suspicious_a.txt
INFO:root:Rotated file from test_data\b.crypt to suspicious_mtd\suspicious_b.txt
INFO:root:Rotated file from test_data\c.encrypted to suspicious_mtd\suspicious_c.txt
INFO:root:Rotated file from test_data\a.locked to suspicious_mtd\suspicious_a.txt
INFO:root:Rotated file from test_data\b.crypt to suspicious_mtd\suspicious_b.txt
INFO:root:Rotated file from test_data\c.locky to suspicious_mtd\suspicious_c.txt
WARNING:root:No files found to move.
INFO:root:Rotated file from test_data\a.locked to suspicious_mtd\suspicious_a.txt
INFO:root:Rotated file from test_data\b.crypt to suspicious_mtd\suspicious_b.txt
WARNING:root:No files found to move.
INFO:root:Rotated file from test_data\a.locked to suspicious_mtd\suspicious_a.txt
INFO:root:Rotated file from test_data\b.crypt to suspicious_mtd\suspicious_b.txt
WARNING:root:No files found to move.
INFO:root:Rotated file from test_data\a.locked to suspicious_mtd\suspicious_a.txt
INFO:root:Rotated file from test_data\b.crypt to suspicious_mtd\suspicious_b.txt
WARNING:root:No files found to move.
INFO:root:Rotated file from test_data\a.locked to suspicious_mtd\suspicious_a.txt
INFO:root:Rotated file from test_data\b.crypt to suspicious_mtd\suspicious_b.txt
WARNING:root:No files found to move.
INFO:root:Rotated file from test_data\a.locked to suspicious_mtd\suspicious_a.txt
INFO:root:Rotated file from test_data\b.crypt to suspicious_mtd\suspicious_b.txt
WARNING:root:No files found to move.
WARNING:root:No files found to move.
INFO:matplotlib.font_manager:generated new fontManager
INFO:root:Rotated file from test_data\echo.locked to suspicious_mtd\suspicious_echo.txt
WARNING:root:No files found to move.
WARNING:root:No files found to move.
INFO:root:Rotated file from test_data\test.locked to suspicious_mtd\suspicious_test.txt
WARNING:root:No files found to move.
WARNING:root:No files found to move.
INFO:root:Rotated file from test_data\test.locked to suspicious_mtd\suspicious_test.txt
WARNING:root:No files found to move.
INFO:root:Rotated file from test_data\hsd.locked to suspicious_mtd\suspicious_hsd.txt
WARNING:root:No files found to move.
INFO:root:Rotated file from test_data\test.locked to suspicious_mtd\suspicious_test.txt
INFO:root:Rotated file from test_data\ashha.locked to suspicious_mtd\suspicious_ashha.txt
WARNING:root:No files found to move.
WARNING:root:No files found to move.
INFO:root:Rotated file from test_data\sas.locked to suspicious_mtd\suspicious_sas.txt
WARNING:root:No files found to move.
INFO:root:Rotated file from test_data\xas.locked to suspicious_mtd\suspicious_xas.txt
WARNING:root:No files found to move.
WARNING:root:No files found to move.
INFO:root:Rotated file from test_data\asjashas.locked to suspicious_mtd\suspicious_asjashas.txt
WARNING:root:No files found to move.
WARNING:root:No files found to move.
WARNING:root:No files found to move.
INFO:root:Rotated file from test_data\mssk.locked to suspicious_mtd\suspicious_mssk.txt
WARNING:root:No files found to move.
WARNING:root:No files found to move.
WARNING:root:No files found to move.
WARNING:root:No files found to move.
INFO:root:Rotated file from test_data\sanika.locked to suspicious_mtd\suspicious_sanika.txt
INFO:root:Rotated file from test_data\sanika.locked to suspicious_mtd\suspicious_sanika.txt
